<?xml version="1.0" encoding="UTF-8"?>
<!-- Generated by org.testng.reporters.JUnitReportReporter -->
<testsuite skipped="0" hostname="DESKTOP-JR8G3T8" name="MavenforJenkins.AppTest" tests="1" failures="0" timestamp="06 Jun 2021 16:27:43 GMT" time="32.459" errors="0">
  <testcase name="GoogleSearch" time="32.459" classname="MavenforJenkins.AppTest"/>
</testsuite> <!-- MavenforJenkins.AppTest -->
