<?xml version="1.0" encoding="UTF-8"?>
<!-- Generated by org.testng.reporters.JUnitReportReporter -->
<testsuite skipped="0" hostname="DESKTOP-JR8G3T8" name="MavenforJenkins.AppTest" tests="1" failures="0" timestamp="2021-06-06T22:48:52 IST" time="16.941" errors="0">
  <testcase name="GoogleSearch" time="16.941" classname="MavenforJenkins.AppTest"/>
  <system-out/>
</testsuite> <!-- MavenforJenkins.AppTest -->
